<?xml version="1.0" encoding="UTF-8"?>
<!-- Generated by org.testng.reporters.JUnitXMLReporter -->
<testsuite ignored="0" hostname="LAP0006736" failures="1" tests="4" name="Swiggy Add Menu to Cart in TestNG" time="60.889" errors="0" timestamp="2021-03-03T01:56:17 IST">
  <testcase classname="SwiggyTestNGSuite.SwiggyTest" name="SwiggyHome" time="14.161"/>
  <testcase classname="SwiggyTestNGSuite.SwiggyTest" name="SwiggySearch" time="8.329"/>
  <testcase classname="SwiggyTestNGSuite.SwiggyTest" name="SwiggyRestaurantMenu" time="34.628">
    <failure type="java.lang.IndexOutOfBoundsException" message="Index 18 out of bounds for length 0">
      <![CDATA[java.lang.IndexOutOfBoundsException: Index 18 out of bounds for length 0
at java.base/jdk.internal.util.Preconditions.outOfBounds(Preconditions.java:64)
at java.base/jdk.internal.util.Preconditions.outOfBoundsCheckIndex(Preconditions.java:70)
at java.base/jdk.internal.util.Preconditions.checkIndex(Preconditions.java:248)
at java.base/java.util.Objects.checkIndex(Objects.java:359)
at java.base/java.util.ArrayList.get(ArrayList.java:427)
at SwiggyPageAndMethod.SwiggyRestaurantMenu.RestaurantMenu(SwiggyRestaurantMenu.java:71)
at SwiggyTestNGSuite.SwiggyTest.SwiggyRestaurantMenu(SwiggyTest.java:109)
at java.base/java.util.ArrayList.forEach(ArrayList.java:1511)
... Removed 31 stack frames]]>
    </failure>
  </testcase> <!-- SwiggyRestaurantMenu -->
  <testcase classname="SwiggyTestNGSuite.SwiggyTest" name="SwiggyRestaurantCheckout" time="0.0">
    <skipped/>
  </testcase> <!-- SwiggyRestaurantCheckout -->
</testsuite> <!-- Swiggy Add Menu to Cart in TestNG -->
