<?xml version="1.0" encoding="UTF-8"?>
<!-- Generated by org.testng.reporters.JUnitXMLReporter -->
<testsuite ignored="0" hostname="LAP0006736" failures="0" tests="1" name="Test" time="0.033" errors="0" timestamp="2021-02-21T02:45:19 IST">
  <testcase classname="SwiggyTestNGSuite.SwiggyTest" name="@AfterTest tearDown" time="0.001">
    <failure type="java.lang.NullPointerException" message="Cannot invoke &amp;quot;org.openqa.selenium.WebDriver.close()&amp;quot; because &amp;quot;this.driver&amp;quot; is null">
      <![CDATA[java.lang.NullPointerException: Cannot invoke "org.openqa.selenium.WebDriver.close()" because "this.driver" is null
at SwiggyTestNGSuite.SwiggyTest.tearDown(SwiggyTest.java:40)
... Removed 24 stack frames]]>
    </failure>
  </testcase> <!-- @AfterTest tearDown -->
  <testcase classname="SwiggyTestNGSuite.SwiggyTest" name="TestLogin" time="0.003"/>
</testsuite> <!-- Test -->
