<?xml version="1.0" encoding="UTF-8"?>
<testsuite xmlns:xsi="http://www.w3.org/2001/XMLSchema-instance" xsi:noNamespaceSchemaLocation="https://maven.apache.org/surefire/maven-surefire-plugin/xsd/surefire-test-report-3.0.xsd" version="3.0" name="TestSuite" time="61.471" tests="5" errors="0" skipped="1" failures="1">
  <properties>
[...]
</properties>
  <testcase name="SwiggyHome" classname="SwiggyTestNGSuite.SwiggyTest" time="14.162">
    <system-out><![CDATA[chrome
*** Test Scenario: SwiggyHome has STARTED ***
Swiggy Location Clicked
Swiggy City Location Clicked
### Test Scenario: SwiggyHome has PASSED ###

]]></system-out>
    <system-err><![CDATA[Mar 03, 2021 1:55:16 AM org.openqa.selenium.remote.DesiredCapabilities chrome
INFO: Using `new ChromeOptions()` is preferred to `DesiredCapabilities.chrome()`
Mar 03, 2021 1:55:20 AM org.openqa.selenium.remote.ProtocolHandshake createSession
INFO: Detected dialect: W3C
]]></system-err>
  </testcase>
  <testcase name="SwiggySearch" classname="SwiggyTestNGSuite.SwiggyTest" time="8.33">
    <system-out><![CDATA[*** Test Scenario: SwiggySearch has STARTED ***
Swiggy Search Clicked
Swiggy Search Restaurant Clicked
### Test Scenario: SwiggySearch has PASSED ###

]]></system-out>
  </testcase>
  <testcase name="SwiggyRestaurantMenu" classname="SwiggyTestNGSuite.SwiggyTest" time="34.63">
    <failure message="Index 18 out of bounds for length 0" type="java.lang.IndexOutOfBoundsException"><![CDATA[java.lang.IndexOutOfBoundsException: Index 18 out of bounds for length 0
	at SwiggyTestNGSuite.SwiggyTest.SwiggyRestaurantMenu(SwiggyTest.java:109)
]]></failure>
    <system-out><![CDATA[*** Test Scenario: SwiggyRestaurantMenu has STARTED ***
Restaurant: Burger King Menu1: Veg Whopper
Menu Count: 83
Menu: Veg Whopper Price: 149
??? Test Scenario: SwiggyRestaurantMenu has FAILED ???

]]></system-out>
  </testcase>
  <testcase name="SwiggyRestaurantCheckout" classname="SwiggyTestNGSuite.SwiggyTest" time="0">
    <skipped message="Method SwiggyTest.SwiggyRestaurantCheckout()[pri:0, instance:SwiggyTestNGSuite.SwiggyTest@124c278f] depends on not successfully finished methods"/>
    <system-out><![CDATA[*** Test Scenario: SwiggyRestaurantCheckout has STARTED ***
^^^ Test Scenario: SwiggyRestaurantCheckout has SKIPPED ^^^

]]></system-out>
  </testcase>
  <testcase name="feature[Swiggy Bill Total Check](1)" classname="SwiggyCucumberStepDefinition.CucumberTestRunner" time="0.1">
    <system-out><![CDATA[~~~ Swiggy Test Suite Execution Finished ~~~
#Swiggy Project Feature File
Feature: Swiggy Bill Total Check
  I want to use check the correctness of Swiggy Menu Bill Total
User has add menu items into Swiggy site
Menu list and price are added into excelsheets
Total Bill has been generated
I validate the correctness of total bill value

  Scenario: Total Bill value check                      &amp#27;[90m# SwiggyTestSuite.feature:6&amp#27;[0m
    &amp#27;[32mGiven &amp#27;[0m&amp#27;[32mUser has add menu items into Swiggy site&amp#27;[0m      &amp#27;[90m# SwiggyBillCheck.user_has_add_menu_items_into_Swiggy_site()&amp#27;[0m
    &amp#27;[32mAnd &amp#27;[0m&amp#27;[32mMenu list and price are added into excelsheets&amp#27;[0m  &amp#27;[90m# SwiggyBillCheck.menu_list_and_price_are_added_into_excelsheets()&amp#27;[0m
    &amp#27;[32mWhen &amp#27;[0m&amp#27;[32mTotal Bill has been generated&amp#27;[0m                  &amp#27;[90m# SwiggyBillCheck.total_Bill_has_been_generated()&amp#27;[0m
    &amp#27;[32mThen &amp#27;[0m&amp#27;[32mI validate the correctness of total bill value&amp#27;[0m &amp#27;[90m# SwiggyBillCheck.i_validate_the_correctness_of_total_bill_value()&amp#27;[0m
]]></system-out>
  </testcase>
</testsuite>