<?xml version="1.0" encoding="UTF-8"?>
<!-- Generated by org.testng.reporters.JUnitXMLReporter -->
<testsuite ignored="0" hostname="LAP0006736" failures="0" tests="4" name="Swiggy Grid Test with Chrome" time="53.001" errors="0" timestamp="2021-03-02T23:55:58 IST">
  <testcase classname="SwiggyTestNGSuite.SwiggyTest" name="SwiggyHome" time="14.177"/>
  <testcase classname="SwiggyTestNGSuite.SwiggyTest" name="SwiggySearch" time="8.333"/>
  <testcase classname="SwiggyTestNGSuite.SwiggyTest" name="SwiggyRestaurantMenu" time="22.69"/>
  <testcase classname="SwiggyTestNGSuite.SwiggyTest" name="SwiggyRestaurantCheckout" time="4.122"/>
</testsuite> <!-- Swiggy Grid Test with Chrome -->
