<?xml version="1.0" encoding="UTF-8"?>
<!-- Generated by org.testng.reporters.JUnitXMLReporter -->
<testsuite ignored="0" hostname="LAP0006736" failures="0" tests="4" name="Swiggy Add Menu to Cart in TestNG" time="53.557" errors="0" timestamp="2021-03-03T21:53:03 IST">
  <testcase classname="SwiggyTestNGSuite.SwiggyTest" name="SwiggyHome" time="15.088"/>
  <testcase classname="SwiggyTestNGSuite.SwiggyTest" name="SwiggySearch" time="8.405"/>
  <testcase classname="SwiggyTestNGSuite.SwiggyTest" name="SwiggyRestaurantMenu" time="22.241"/>
  <testcase classname="SwiggyTestNGSuite.SwiggyTest" name="SwiggyRestaurantCheckout" time="4.167"/>
</testsuite> <!-- Swiggy Add Menu to Cart in TestNG -->
