<?xml version="1.0" encoding="UTF-8"?>
<testng-results ignored="0" total="5" passed="5" failed="0" skipped="0">
  <reporter-output>
  </reporter-output>
  <suite started-at="2021-03-02T23:55:05 IST" name="Swiggy Grid Test Suite" finished-at="2021-03-02T23:55:58 IST" duration-ms="53292">
    <groups>
      <group name="cucumber">
        <method signature="AbstractTestNGCucumberTests.feature(cucumber.api.testng.CucumberFeatureWrapper)[pri:0, instance:SwiggyCucumberStepDefinition.CucumberTestRunner@8dbdac1]" name="feature" class="cucumber.api.testng.AbstractTestNGCucumberTests"/>
      </group> <!-- cucumber -->
    </groups>
    <test started-at="2021-03-02T23:55:05 IST" name="Swiggy Grid Test with Chrome" finished-at="2021-03-02T23:55:58 IST" duration-ms="53001">
      <class name="SwiggyTestNGSuite.SwiggyTest">
        <test-method is-config="true" signature="setup(java.lang.String)[pri:0, instance:SwiggyTestNGSuite.SwiggyTest@353d0772]" started-at="2021-03-02T23:55:05 IST" name="setup" finished-at="2021-03-02T23:55:08 IST" duration-ms="3468" status="PASS">
          <params>
            <param index="0">
              <value>
                <![CDATA[chrome]]>
              </value>
            </param>
          </params>
          <reporter-output>
          </reporter-output>
        </test-method> <!-- setup -->
        <test-method signature="SwiggyHome()[pri:0, instance:SwiggyTestNGSuite.SwiggyTest@353d0772]" started-at="2021-03-02T23:55:08 IST" name="SwiggyHome" finished-at="2021-03-02T23:55:22 IST" duration-ms="14177" status="PASS">
          <reporter-output>
          </reporter-output>
        </test-method> <!-- SwiggyHome -->
        <test-method is-config="true" signature="ExtentResultReporter(org.testng.ITestResult)[pri:0, instance:SwiggyTestNGSuite.SwiggyTest@353d0772]" started-at="2021-03-02T23:55:22 IST" name="ExtentResultReporter" finished-at="2021-03-02T23:55:22 IST" duration-ms="3" status="PASS">
          <params>
            <param index="0">
              <value>
                <![CDATA[[TestResult name=SwiggyHome status=SUCCESS method=SwiggyTest.SwiggyHome()[pri:0, instance:SwiggyTestNGSuite.SwiggyTest@353d0772] output={null}]]]>
              </value>
            </param>
          </params>
          <reporter-output>
          </reporter-output>
        </test-method> <!-- ExtentResultReporter -->
        <test-method signature="SwiggySearch()[pri:0, instance:SwiggyTestNGSuite.SwiggyTest@353d0772]" started-at="2021-03-02T23:55:22 IST" name="SwiggySearch" finished-at="2021-03-02T23:55:31 IST" depends-on-methods="SwiggyTestNGSuite.SwiggyTest.SwiggyHome" duration-ms="8333" status="PASS">
          <reporter-output>
          </reporter-output>
        </test-method> <!-- SwiggySearch -->
        <test-method is-config="true" signature="ExtentResultReporter(org.testng.ITestResult)[pri:0, instance:SwiggyTestNGSuite.SwiggyTest@353d0772]" started-at="2021-03-02T23:55:31 IST" name="ExtentResultReporter" finished-at="2021-03-02T23:55:31 IST" duration-ms="1" status="PASS">
          <params>
            <param index="0">
              <value>
                <![CDATA[[TestResult name=SwiggySearch status=SUCCESS method=SwiggyTest.SwiggySearch()[pri:0, instance:SwiggyTestNGSuite.SwiggyTest@353d0772] output={null}]]]>
              </value>
            </param>
          </params>
          <reporter-output>
          </reporter-output>
        </test-method> <!-- ExtentResultReporter -->
        <test-method signature="SwiggyRestaurantMenu()[pri:0, instance:SwiggyTestNGSuite.SwiggyTest@353d0772]" started-at="2021-03-02T23:55:31 IST" name="SwiggyRestaurantMenu" finished-at="2021-03-02T23:55:54 IST" depends-on-methods="SwiggyTestNGSuite.SwiggyTest.SwiggySearch" duration-ms="22690" status="PASS">
          <reporter-output>
          </reporter-output>
        </test-method> <!-- SwiggyRestaurantMenu -->
        <test-method is-config="true" signature="ExtentResultReporter(org.testng.ITestResult)[pri:0, instance:SwiggyTestNGSuite.SwiggyTest@353d0772]" started-at="2021-03-02T23:55:54 IST" name="ExtentResultReporter" finished-at="2021-03-02T23:55:54 IST" duration-ms="1" status="PASS">
          <params>
            <param index="0">
              <value>
                <![CDATA[[TestResult name=SwiggyRestaurantMenu status=SUCCESS method=SwiggyTest.SwiggyRestaurantMenu()[pri:0, instance:SwiggyTestNGSuite.SwiggyTest@353d0772] output={null}]]]>
              </value>
            </param>
          </params>
          <reporter-output>
          </reporter-output>
        </test-method> <!-- ExtentResultReporter -->
        <test-method signature="SwiggyRestaurantCheckout()[pri:0, instance:SwiggyTestNGSuite.SwiggyTest@353d0772]" started-at="2021-03-02T23:55:54 IST" name="SwiggyRestaurantCheckout" finished-at="2021-03-02T23:55:58 IST" depends-on-methods="SwiggyTestNGSuite.SwiggyTest.SwiggyRestaurantMenu" duration-ms="4122" status="PASS">
          <reporter-output>
          </reporter-output>
        </test-method> <!-- SwiggyRestaurantCheckout -->
        <test-method is-config="true" signature="ExtentResultReporter(org.testng.ITestResult)[pri:0, instance:SwiggyTestNGSuite.SwiggyTest@353d0772]" started-at="2021-03-02T23:55:58 IST" name="ExtentResultReporter" finished-at="2021-03-02T23:55:58 IST" duration-ms="2" status="PASS">
          <params>
            <param index="0">
              <value>
                <![CDATA[[TestResult name=SwiggyRestaurantCheckout status=SUCCESS method=SwiggyTest.SwiggyRestaurantCheckout()[pri:0, instance:SwiggyTestNGSuite.SwiggyTest@353d0772] output={null}]]]>
              </value>
            </param>
          </params>
          <reporter-output>
          </reporter-output>
        </test-method> <!-- ExtentResultReporter -->
        <test-method is-config="true" signature="tearDown()[pri:0, instance:SwiggyTestNGSuite.SwiggyTest@353d0772]" started-at="2021-03-02T23:55:58 IST" name="tearDown" finished-at="2021-03-02T23:55:58 IST" duration-ms="187" status="PASS">
          <reporter-output>
          </reporter-output>
        </test-method> <!-- tearDown -->
      </class> <!-- SwiggyTestNGSuite.SwiggyTest -->
    </test> <!-- Swiggy Grid Test with Chrome -->
    <test started-at="2021-03-02T23:55:58 IST" name="Swiggy Bill Check in Cucumber" finished-at="2021-03-02T23:55:58 IST" duration-ms="271">
      <class name="SwiggyCucumberStepDefinition.CucumberTestRunner">
        <test-method is-config="true" signature="setUpClass()[pri:0, instance:SwiggyCucumberStepDefinition.CucumberTestRunner@8dbdac1]" started-at="2021-03-02T23:55:58 IST" name="setUpClass" finished-at="2021-03-02T23:55:58 IST" duration-ms="129" status="PASS">
          <reporter-output>
          </reporter-output>
        </test-method> <!-- setUpClass -->
        <test-method signature="feature(cucumber.api.testng.CucumberFeatureWrapper)[pri:0, instance:SwiggyCucumberStepDefinition.CucumberTestRunner@8dbdac1]" started-at="2021-03-02T23:55:58 IST" name="feature" description="Runs Cucumber Feature" data-provider="features" finished-at="2021-03-02T23:55:58 IST" duration-ms="95" status="PASS">
          <params>
            <param index="0">
              <value>
                <![CDATA[Swiggy Bill Total Check]]>
              </value>
            </param>
          </params>
          <reporter-output>
          </reporter-output>
        </test-method> <!-- feature -->
        <test-method is-config="true" signature="tearDownClass()[pri:0, instance:SwiggyCucumberStepDefinition.CucumberTestRunner@8dbdac1]" started-at="2021-03-02T23:55:58 IST" name="tearDownClass" finished-at="2021-03-02T23:55:58 IST" duration-ms="7" status="PASS">
          <reporter-output>
          </reporter-output>
        </test-method> <!-- tearDownClass -->
      </class> <!-- SwiggyCucumberStepDefinition.CucumberTestRunner -->
    </test> <!-- Swiggy Bill Check in Cucumber -->
  </suite> <!-- Swiggy Grid Test Suite -->
</testng-results>
